0 info it worked if it ends with ok
1 verbose cli [ '/usr/local/bin/node',
1 verbose cli   '/usr/local/bin/npm',
1 verbose cli   'install',
1 verbose cli   'angular',
1 verbose cli   'angular-route',
1 verbose cli   'bootstrap',
1 verbose cli   'angular-ui' ]
2 info using npm@3.5.1
3 info using node@v5.0.0
4 verbose config Skipping project config: /Users/francis_bongiovanni/.npmrc. (matches userconfig)
5 silly loadCurrentTree Starting
6 silly install loadCurrentTree
7 silly install readLocalPackageData
8 silly fetchPackageMetaData angular
9 silly fetchPackageMetaData angular-route
10 silly fetchPackageMetaData bootstrap
11 silly fetchPackageMetaData angular-ui
12 silly fetchNamedPackageData angular
13 silly mapToRegistry name angular
14 silly mapToRegistry using default registry
15 silly mapToRegistry registry https://registry.npmjs.org/
16 silly mapToRegistry uri https://registry.npmjs.org/angular
17 silly fetchNamedPackageData angular-route
18 silly mapToRegistry name angular-route
19 silly mapToRegistry using default registry
20 silly mapToRegistry registry https://registry.npmjs.org/
21 silly mapToRegistry uri https://registry.npmjs.org/angular-route
22 silly fetchNamedPackageData bootstrap
23 silly mapToRegistry name bootstrap
24 silly mapToRegistry using default registry
25 silly mapToRegistry registry https://registry.npmjs.org/
26 silly mapToRegistry uri https://registry.npmjs.org/bootstrap
27 silly fetchNamedPackageData angular-ui
28 silly mapToRegistry name angular-ui
29 silly mapToRegistry using default registry
30 silly mapToRegistry registry https://registry.npmjs.org/
31 silly mapToRegistry uri https://registry.npmjs.org/angular-ui
32 verbose request uri https://registry.npmjs.org/angular-route
33 verbose request no auth needed
34 info attempt registry request try #1 at 10:51:46 PM
35 verbose request id b692aaca4a01f72f
36 http request GET https://registry.npmjs.org/angular-route
37 verbose request uri https://registry.npmjs.org/bootstrap
38 verbose request no auth needed
39 info attempt registry request try #1 at 10:51:46 PM
40 http request GET https://registry.npmjs.org/bootstrap
41 verbose request uri https://registry.npmjs.org/angular-ui
42 verbose request no auth needed
43 info attempt registry request try #1 at 10:51:46 PM
44 http request GET https://registry.npmjs.org/angular-ui
45 verbose request uri https://registry.npmjs.org/angular
46 verbose request no auth needed
47 info attempt registry request try #1 at 10:51:46 PM
48 verbose etag "5UL7HCZMHDFZRTDZYRC46IQZO"
49 http request GET https://registry.npmjs.org/angular
50 http 404 https://registry.npmjs.org/angular-ui
51 verbose headers { 'content-type': 'application/json',
51 verbose headers   'cache-control': 'max-age=0',
51 verbose headers   'content-length': '2',
51 verbose headers   'accept-ranges': 'bytes',
51 verbose headers   date: 'Sun, 10 Jan 2016 03:51:44 GMT',
51 verbose headers   via: '1.1 varnish',
51 verbose headers   age: '0',
51 verbose headers   connection: 'keep-alive',
51 verbose headers   'x-served-by': 'cache-iad2123-IAD',
51 verbose headers   'x-cache': 'MISS',
51 verbose headers   'x-cache-hits': '0',
51 verbose headers   'x-timer': 'S1452397904.391089,VS0,VE387' }
52 silly get cb [ 404,
52 silly get   { 'content-type': 'application/json',
52 silly get     'cache-control': 'max-age=0',
52 silly get     'content-length': '2',
52 silly get     'accept-ranges': 'bytes',
52 silly get     date: 'Sun, 10 Jan 2016 03:51:44 GMT',
52 silly get     via: '1.1 varnish',
52 silly get     age: '0',
52 silly get     connection: 'keep-alive',
52 silly get     'x-served-by': 'cache-iad2123-IAD',
52 silly get     'x-cache': 'MISS',
52 silly get     'x-cache-hits': '0',
52 silly get     'x-timer': 'S1452397904.391089,VS0,VE387' } ]
53 silly fetchPackageMetaData Error: Registry returned 404 for GET on https://registry.npmjs.org/angular-ui
53 silly fetchPackageMetaData     at makeError (/usr/local/lib/node_modules/npm/node_modules/npm-registry-client/lib/request.js:264:12)
53 silly fetchPackageMetaData     at CachingRegistryClient.<anonymous> (/usr/local/lib/node_modules/npm/node_modules/npm-registry-client/lib/request.js:242:14)
53 silly fetchPackageMetaData     at Request._callback (/usr/local/lib/node_modules/npm/node_modules/npm-registry-client/lib/request.js:172:14)
53 silly fetchPackageMetaData     at Request.self.callback (/usr/local/lib/node_modules/npm/node_modules/request/request.js:198:22)
53 silly fetchPackageMetaData     at emitTwo (events.js:87:13)
53 silly fetchPackageMetaData     at Request.emit (events.js:172:7)
53 silly fetchPackageMetaData     at Request.<anonymous> (/usr/local/lib/node_modules/npm/node_modules/request/request.js:1082:10)
53 silly fetchPackageMetaData     at emitOne (events.js:82:20)
53 silly fetchPackageMetaData     at Request.emit (events.js:169:7)
53 silly fetchPackageMetaData     at IncomingMessage.<anonymous> (/usr/local/lib/node_modules/npm/node_modules/request/request.js:1009:12)
53 silly fetchPackageMetaData  error for angular-ui { [Error: Registry returned 404 for GET on https://registry.npmjs.org/angular-ui] pkgid: 'angular-ui', statusCode: 404, code: 'E404' }
54 http 200 https://registry.npmjs.org/bootstrap
55 verbose headers { server: 'CouchDB/1.5.0 (Erlang OTP/R16B03)',
55 verbose headers   etag: '"9L511Y7I2QMSOADF8T3P5P7GX"',
55 verbose headers   'content-type': 'application/json',
55 verbose headers   'cache-control': 'max-age=300',
55 verbose headers   'content-length': '31064',
55 verbose headers   'accept-ranges': 'bytes',
55 verbose headers   date: 'Sun, 10 Jan 2016 03:51:44 GMT',
55 verbose headers   via: '1.1 varnish',
55 verbose headers   age: '0',
55 verbose headers   connection: 'keep-alive',
55 verbose headers   'x-served-by': 'cache-iad2137-IAD',
55 verbose headers   'x-cache': 'HIT',
55 verbose headers   'x-cache-hits': '1',
55 verbose headers   'x-timer': 'S1452397904.414360,VS0,VE387',
55 verbose headers   vary: 'Accept' }
56 silly get cb [ 200,
56 silly get   { server: 'CouchDB/1.5.0 (Erlang OTP/R16B03)',
56 silly get     etag: '"9L511Y7I2QMSOADF8T3P5P7GX"',
56 silly get     'content-type': 'application/json',
56 silly get     'cache-control': 'max-age=300',
56 silly get     'content-length': '31064',
56 silly get     'accept-ranges': 'bytes',
56 silly get     date: 'Sun, 10 Jan 2016 03:51:44 GMT',
56 silly get     via: '1.1 varnish',
56 silly get     age: '0',
56 silly get     connection: 'keep-alive',
56 silly get     'x-served-by': 'cache-iad2137-IAD',
56 silly get     'x-cache': 'HIT',
56 silly get     'x-cache-hits': '1',
56 silly get     'x-timer': 'S1452397904.414360,VS0,VE387',
56 silly get     vary: 'Accept' } ]
57 verbose get saving bootstrap to /Users/francis_bongiovanni/.npm/registry.npmjs.org/bootstrap/.cache.json
58 http 200 https://registry.npmjs.org/angular-route
59 verbose headers { server: 'CouchDB/1.5.0 (Erlang OTP/R16B03)',
59 verbose headers   etag: '"9TK45EQRRZHFOQSFDGGN2HPQG"',
59 verbose headers   'content-type': 'application/json',
59 verbose headers   'cache-control': 'max-age=300',
59 verbose headers   'content-length': '58918',
59 verbose headers   'accept-ranges': 'bytes',
59 verbose headers   date: 'Sun, 10 Jan 2016 03:51:44 GMT',
59 verbose headers   via: '1.1 varnish',
59 verbose headers   age: '136',
59 verbose headers   connection: 'keep-alive',
59 verbose headers   'x-served-by': 'cache-iad2124-IAD',
59 verbose headers   'x-cache': 'HIT',
59 verbose headers   'x-cache-hits': '1',
59 verbose headers   'x-timer': 'S1452397904.437916,VS0,VE0',
59 verbose headers   vary: 'Accept' }
60 silly get cb [ 200,
60 silly get   { server: 'CouchDB/1.5.0 (Erlang OTP/R16B03)',
60 silly get     etag: '"9TK45EQRRZHFOQSFDGGN2HPQG"',
60 silly get     'content-type': 'application/json',
60 silly get     'cache-control': 'max-age=300',
60 silly get     'content-length': '58918',
60 silly get     'accept-ranges': 'bytes',
60 silly get     date: 'Sun, 10 Jan 2016 03:51:44 GMT',
60 silly get     via: '1.1 varnish',
60 silly get     age: '136',
60 silly get     connection: 'keep-alive',
60 silly get     'x-served-by': 'cache-iad2124-IAD',
60 silly get     'x-cache': 'HIT',
60 silly get     'x-cache-hits': '1',
60 silly get     'x-timer': 'S1452397904.437916,VS0,VE0',
60 silly get     vary: 'Accept' } ]
61 verbose get saving angular-route to /Users/francis_bongiovanni/.npm/registry.npmjs.org/angular-route/.cache.json
62 http 200 https://registry.npmjs.org/angular
63 verbose headers { server: 'CouchDB/1.5.0 (Erlang OTP/R16B03)',
63 verbose headers   etag: '"4OPK56P0F1MJ9RFVR6G57D7B6"',
63 verbose headers   'content-type': 'application/json',
63 verbose headers   'cache-control': 'max-age=300',
63 verbose headers   'content-length': '112535',
63 verbose headers   'accept-ranges': 'bytes',
63 verbose headers   date: 'Sun, 10 Jan 2016 03:51:44 GMT',
63 verbose headers   via: '1.1 varnish',
63 verbose headers   age: '138',
63 verbose headers   connection: 'keep-alive',
63 verbose headers   'x-served-by': 'cache-iad2120-IAD',
63 verbose headers   'x-cache': 'HIT',
63 verbose headers   'x-cache-hits': '2',
63 verbose headers   'x-timer': 'S1452397904.422282,VS0,VE0',
63 verbose headers   vary: 'Accept' }
64 silly get cb [ 200,
64 silly get   { server: 'CouchDB/1.5.0 (Erlang OTP/R16B03)',
64 silly get     etag: '"4OPK56P0F1MJ9RFVR6G57D7B6"',
64 silly get     'content-type': 'application/json',
64 silly get     'cache-control': 'max-age=300',
64 silly get     'content-length': '112535',
64 silly get     'accept-ranges': 'bytes',
64 silly get     date: 'Sun, 10 Jan 2016 03:51:44 GMT',
64 silly get     via: '1.1 varnish',
64 silly get     age: '138',
64 silly get     connection: 'keep-alive',
64 silly get     'x-served-by': 'cache-iad2120-IAD',
64 silly get     'x-cache': 'HIT',
64 silly get     'x-cache-hits': '2',
64 silly get     'x-timer': 'S1452397904.422282,VS0,VE0',
64 silly get     vary: 'Accept' } ]
65 verbose get saving angular to /Users/francis_bongiovanni/.npm/registry.npmjs.org/angular/.cache.json
66 silly rollbackFailedOptional Starting
67 silly rollbackFailedOptional Finishing
68 silly runTopLevelLifecycles Starting
69 silly runTopLevelLifecycles Finishing
70 silly install printInstalled
71 verbose stack Error: Registry returned 404 for GET on https://registry.npmjs.org/angular-ui
71 verbose stack     at makeError (/usr/local/lib/node_modules/npm/node_modules/npm-registry-client/lib/request.js:264:12)
71 verbose stack     at CachingRegistryClient.<anonymous> (/usr/local/lib/node_modules/npm/node_modules/npm-registry-client/lib/request.js:242:14)
71 verbose stack     at Request._callback (/usr/local/lib/node_modules/npm/node_modules/npm-registry-client/lib/request.js:172:14)
71 verbose stack     at Request.self.callback (/usr/local/lib/node_modules/npm/node_modules/request/request.js:198:22)
71 verbose stack     at emitTwo (events.js:87:13)
71 verbose stack     at Request.emit (events.js:172:7)
71 verbose stack     at Request.<anonymous> (/usr/local/lib/node_modules/npm/node_modules/request/request.js:1082:10)
71 verbose stack     at emitOne (events.js:82:20)
71 verbose stack     at Request.emit (events.js:169:7)
71 verbose stack     at IncomingMessage.<anonymous> (/usr/local/lib/node_modules/npm/node_modules/request/request.js:1009:12)
72 verbose statusCode 404
73 verbose pkgid angular-ui
74 verbose cwd /Users/francis_bongiovanni/philly-jobs/fork/opportunities
75 error Darwin 15.2.0
76 error argv "/usr/local/bin/node" "/usr/local/bin/npm" "install" "angular" "angular-route" "bootstrap" "angular-ui"
77 error node v5.0.0
78 error npm  v3.5.1
79 error code E404
80 error 404 Registry returned 404 for GET on https://registry.npmjs.org/angular-ui
81 error 404
82 error 404 'angular-ui' is not in the npm registry.
83 error 404 You should bug the author to publish it (or use the name yourself!)
84 error 404 Note that you can also install from a
85 error 404 tarball, folder, http url, or git url.
86 verbose exit [ 1, true ]
